<?xml version="1.0" encoding="UTF-8"?>
<testng-results skipped="0" failed="0" total="1" passed="1">
  <reporter-output>
  </reporter-output>
  <suite name="Suite" duration-ms="40" started-at="2020-01-01T22:44:04Z" finished-at="2020-01-01T22:44:04Z">
    <groups>
    </groups>
    <test name="Test" duration-ms="40" started-at="2020-01-01T22:44:04Z" finished-at="2020-01-01T22:44:04Z">
      <class name="maven.maven.test">
        <test-method status="PASS" signature="beforeMethod()[pri:0, instance:maven.maven.test@51b279c9]" name="beforeMethod" is-config="true" duration-ms="12" started-at="2020-01-01T16:44:04Z" finished-at="2020-01-01T16:44:04Z">
          <reporter-output>
          </reporter-output>
        </test-method> <!-- beforeMethod -->
        <test-method status="PASS" signature="f()[pri:0, instance:maven.maven.test@51b279c9]" name="f" duration-ms="2" started-at="2020-01-01T16:44:04Z" finished-at="2020-01-01T16:44:04Z">
          <reporter-output>
          </reporter-output>
        </test-method> <!-- f -->
        <test-method status="PASS" signature="afterMethod()[pri:0, instance:maven.maven.test@51b279c9]" name="afterMethod" is-config="true" duration-ms="1" started-at="2020-01-01T16:44:04Z" finished-at="2020-01-01T16:44:04Z">
          <reporter-output>
          </reporter-output>
        </test-method> <!-- afterMethod -->
      </class> <!-- maven.maven.test -->
    </test> <!-- Test -->
  </suite> <!-- Suite -->
</testng-results>
