<?xml version="1.0" encoding="UTF-8"?>
<testng-results skipped="0" failed="0" total="1" passed="1">
  <reporter-output>
  </reporter-output>
  <suite name="Suite" duration-ms="37" started-at="2019-12-30T22:01:08Z" finished-at="2019-12-30T22:01:08Z">
    <groups>
    </groups>
    <test name="Test" duration-ms="37" started-at="2019-12-30T22:01:08Z" finished-at="2019-12-30T22:01:08Z">
      <class name="maven.maven.test">
        <test-method status="PASS" signature="beforeMethod()[pri:0, instance:maven.maven.test@1a38c59b]" name="beforeMethod" is-config="true" duration-ms="7" started-at="2019-12-30T16:01:08Z" finished-at="2019-12-30T16:01:08Z">
          <reporter-output>
          </reporter-output>
        </test-method> <!-- beforeMethod -->
        <test-method status="PASS" signature="f()[pri:0, instance:maven.maven.test@1a38c59b]" name="f" duration-ms="8" started-at="2019-12-30T16:01:08Z" finished-at="2019-12-30T16:01:08Z">
          <reporter-output>
          </reporter-output>
        </test-method> <!-- f -->
        <test-method status="PASS" signature="afterMethod()[pri:0, instance:maven.maven.test@1a38c59b]" name="afterMethod" is-config="true" duration-ms="0" started-at="2019-12-30T16:01:08Z" finished-at="2019-12-30T16:01:08Z">
          <reporter-output>
          </reporter-output>
        </test-method> <!-- afterMethod -->
      </class> <!-- maven.maven.test -->
    </test> <!-- Test -->
  </suite> <!-- Suite -->
</testng-results>
